ERROR - 2025-11-15 15:36:21 --> mysqli_sql_exception: Unknown column 'msg_email' in 'INSERT INTO' in /home/2025DIINL3/e22307806/public_html/V1/ci/system/Database/MySQLi/Connection.php:312
Stack trace:
#0 /home/2025DIINL3/e22307806/public_html/V1/ci/system/Database/MySQLi/Connection.php(312): mysqli->query()
#1 /home/2025DIINL3/e22307806/public_html/V1/ci/system/Database/BaseConnection.php(734): CodeIgniter\Database\MySQLi\Connection->execute()
#2 /home/2025DIINL3/e22307806/public_html/V1/ci/system/Database/BaseConnection.php(648): CodeIgniter\Database\BaseConnection->simpleQuery()
#3 /home/2025DIINL3/e22307806/public_html/V1/ci/app/Models/Db_model.php(80): CodeIgniter\Database\BaseConnection->query()
#4 /home/2025DIINL3/e22307806/public_html/V1/ci/app/Controllers/Message.php(49): App\Models\Db_model->set_message_simple()
#5 /home/2025DIINL3/e22307806/public_html/V1/ci/system/CodeIgniter.php(933): App\Controllers\Message->creer()
#6 /home/2025DIINL3/e22307806/public_html/V1/ci/system/CodeIgniter.php(509): CodeIgniter\CodeIgniter->runController()
#7 /home/2025DIINL3/e22307806/public_html/V1/ci/system/CodeIgniter.php(355): CodeIgniter\CodeIgniter->handleRequest()
#8 /home/2025DIINL3/e22307806/public_html/V1/ci/system/Boot.php(325): CodeIgniter\CodeIgniter->run()
#9 /home/2025DIINL3/e22307806/public_html/V1/ci/system/Boot.php(67): CodeIgniter\Boot::runCodeIgniter()
#10 /home/2025DIINL3/e22307806/public_html/V1/ci/public/index.php(56): CodeIgniter\Boot::bootWeb()
#11 {main}
CRITICAL - 2025-11-15 15:36:21 --> CodeIgniter\Database\Exceptions\DatabaseException: Unknown column 'msg_email' in 'INSERT INTO'
[Method: POST, Route: message/creer]
in SYSTEMPATH/Database/BaseConnection.php on line 688.
 1 APPPATH/Models/Db_model.php(80): CodeIgniter\Database\BaseConnection->query()
 2 APPPATH/Controllers/Message.php(49): App\Models\Db_model->set_message_simple()
 3 SYSTEMPATH/CodeIgniter.php(933): App\Controllers\Message->creer()
 4 SYSTEMPATH/CodeIgniter.php(509): CodeIgniter\CodeIgniter->runController()
 5 SYSTEMPATH/CodeIgniter.php(355): CodeIgniter\CodeIgniter->handleRequest()
 6 SYSTEMPATH/Boot.php(325): CodeIgniter\CodeIgniter->run()
 7 SYSTEMPATH/Boot.php(67): CodeIgniter\Boot::runCodeIgniter()
 8 FCPATH/index.php(56): CodeIgniter\Boot::bootWeb()
CRITICAL - 2025-11-15 15:36:21 --> [Caused by] CodeIgniter\Database\Exceptions\DatabaseException: Unknown column 'msg_email' in 'INSERT INTO'
in SYSTEMPATH/Database/MySQLi/Connection.php on line 317.
 1 SYSTEMPATH/Database/BaseConnection.php(734): CodeIgniter\Database\MySQLi\Connection->execute()
 2 SYSTEMPATH/Database/BaseConnection.php(648): CodeIgniter\Database\BaseConnection->simpleQuery()
 3 APPPATH/Models/Db_model.php(80): CodeIgniter\Database\BaseConnection->query()
 4 APPPATH/Controllers/Message.php(49): App\Models\Db_model->set_message_simple()
 5 SYSTEMPATH/CodeIgniter.php(933): App\Controllers\Message->creer()
 6 SYSTEMPATH/CodeIgniter.php(509): CodeIgniter\CodeIgniter->runController()
 7 SYSTEMPATH/CodeIgniter.php(355): CodeIgniter\CodeIgniter->handleRequest()
 8 SYSTEMPATH/Boot.php(325): CodeIgniter\CodeIgniter->run()
 9 SYSTEMPATH/Boot.php(67): CodeIgniter\Boot::runCodeIgniter()
10 FCPATH/index.php(56): CodeIgniter\Boot::bootWeb()
CRITICAL - 2025-11-15 15:36:21 --> [Caused by] mysqli_sql_exception: Unknown column 'msg_email' in 'INSERT INTO'
in SYSTEMPATH/Database/MySQLi/Connection.php on line 312.
 1 SYSTEMPATH/Database/MySQLi/Connection.php(312): mysqli->query()
 2 SYSTEMPATH/Database/BaseConnection.php(734): CodeIgniter\Database\MySQLi\Connection->execute()
 3 SYSTEMPATH/Database/BaseConnection.php(648): CodeIgniter\Database\BaseConnection->simpleQuery()
 4 APPPATH/Models/Db_model.php(80): CodeIgniter\Database\BaseConnection->query()
 5 APPPATH/Controllers/Message.php(49): App\Models\Db_model->set_message_simple()
 6 SYSTEMPATH/CodeIgniter.php(933): App\Controllers\Message->creer()
 7 SYSTEMPATH/CodeIgniter.php(509): CodeIgniter\CodeIgniter->runController()
 8 SYSTEMPATH/CodeIgniter.php(355): CodeIgniter\CodeIgniter->handleRequest()
 9 SYSTEMPATH/Boot.php(325): CodeIgniter\CodeIgniter->run()
10 SYSTEMPATH/Boot.php(67): CodeIgniter\Boot::runCodeIgniter()
11 FCPATH/index.php(56): CodeIgniter\Boot::bootWeb()
