CRITICAL - 2025-11-06 05:25:36 --> CodeIgniter\View\Exceptions\ViewException: Invalid file: "test.php"
[Method: GET, Route: test]
in SYSTEMPATH/Exceptions/FrameworkException.php on line 41.
 1 SYSTEMPATH/View/View.php(222): CodeIgniter\Exceptions\FrameworkException::forInvalidFile()
 2 SYSTEMPATH/Common.php(1171): CodeIgniter\View\View->render()
 3 APPPATH/Controllers/test.php(9): view()
 4 SYSTEMPATH/CodeIgniter.php(933): App\Controllers\Test->index()
 5 SYSTEMPATH/CodeIgniter.php(509): CodeIgniter\CodeIgniter->runController()
 6 SYSTEMPATH/CodeIgniter.php(355): CodeIgniter\CodeIgniter->handleRequest()
 7 SYSTEMPATH/Boot.php(325): CodeIgniter\CodeIgniter->run()
 8 SYSTEMPATH/Boot.php(67): CodeIgniter\Boot::runCodeIgniter()
 9 FCPATH/index.php(56): CodeIgniter\Boot::bootWeb()
CRITICAL - 2025-11-06 06:04:21 --> CodeIgniter\View\Exceptions\ViewException: Invalid file: "test.php"
[Method: GET, Route: test]
in SYSTEMPATH/Exceptions/FrameworkException.php on line 41.
 1 SYSTEMPATH/View/View.php(222): CodeIgniter\Exceptions\FrameworkException::forInvalidFile()
 2 SYSTEMPATH/Common.php(1171): CodeIgniter\View\View->render()
 3 APPPATH/Controllers/test.php(9): view()
 4 SYSTEMPATH/CodeIgniter.php(933): App\Controllers\Test->index()
 5 SYSTEMPATH/CodeIgniter.php(509): CodeIgniter\CodeIgniter->runController()
 6 SYSTEMPATH/CodeIgniter.php(355): CodeIgniter\CodeIgniter->handleRequest()
 7 SYSTEMPATH/Boot.php(325): CodeIgniter\CodeIgniter->run()
 8 SYSTEMPATH/Boot.php(67): CodeIgniter\Boot::runCodeIgniter()
 9 FCPATH/index.php(56): CodeIgniter\Boot::bootWeb()
ERROR - 2025-11-06 07:50:34 --> mysqli_sql_exception: Unknown column 'cpt_login' in 'SELECT' in /home/2025DIINL3/e22307806/public_html/V1/ci/system/Database/MySQLi/Connection.php:312
Stack trace:
#0 /home/2025DIINL3/e22307806/public_html/V1/ci/system/Database/MySQLi/Connection.php(312): mysqli->query()
#1 /home/2025DIINL3/e22307806/public_html/V1/ci/system/Database/BaseConnection.php(734): CodeIgniter\Database\MySQLi\Connection->execute()
#2 /home/2025DIINL3/e22307806/public_html/V1/ci/system/Database/BaseConnection.php(648): CodeIgniter\Database\BaseConnection->simpleQuery()
#3 /home/2025DIINL3/e22307806/public_html/V1/ci/app/Models/Db_model.php(15): CodeIgniter\Database\BaseConnection->query()
#4 /home/2025DIINL3/e22307806/public_html/V1/ci/app/Controllers/Compte.php(15): App\Models\Db_model->get_all_compte()
#5 /home/2025DIINL3/e22307806/public_html/V1/ci/system/CodeIgniter.php(933): App\Controllers\Compte->lister()
#6 /home/2025DIINL3/e22307806/public_html/V1/ci/system/CodeIgniter.php(509): CodeIgniter\CodeIgniter->runController()
#7 /home/2025DIINL3/e22307806/public_html/V1/ci/system/CodeIgniter.php(355): CodeIgniter\CodeIgniter->handleRequest()
#8 /home/2025DIINL3/e22307806/public_html/V1/ci/system/Boot.php(325): CodeIgniter\CodeIgniter->run()
#9 /home/2025DIINL3/e22307806/public_html/V1/ci/system/Boot.php(67): CodeIgniter\Boot::runCodeIgniter()
#10 /home/2025DIINL3/e22307806/public_html/V1/ci/public/index.php(56): CodeIgniter\Boot::bootWeb()
#11 {main}
CRITICAL - 2025-11-06 07:50:34 --> CodeIgniter\Database\Exceptions\DatabaseException: Unknown column 'cpt_login' in 'SELECT'
[Method: GET, Route: compte/lister]
in SYSTEMPATH/Database/BaseConnection.php on line 688.
 1 APPPATH/Models/Db_model.php(15): CodeIgniter\Database\BaseConnection->query()
 2 APPPATH/Controllers/Compte.php(15): App\Models\Db_model->get_all_compte()
 3 SYSTEMPATH/CodeIgniter.php(933): App\Controllers\Compte->lister()
 4 SYSTEMPATH/CodeIgniter.php(509): CodeIgniter\CodeIgniter->runController()
 5 SYSTEMPATH/CodeIgniter.php(355): CodeIgniter\CodeIgniter->handleRequest()
 6 SYSTEMPATH/Boot.php(325): CodeIgniter\CodeIgniter->run()
 7 SYSTEMPATH/Boot.php(67): CodeIgniter\Boot::runCodeIgniter()
 8 FCPATH/index.php(56): CodeIgniter\Boot::bootWeb()
CRITICAL - 2025-11-06 07:50:34 --> [Caused by] CodeIgniter\Database\Exceptions\DatabaseException: Unknown column 'cpt_login' in 'SELECT'
in SYSTEMPATH/Database/MySQLi/Connection.php on line 317.
 1 SYSTEMPATH/Database/BaseConnection.php(734): CodeIgniter\Database\MySQLi\Connection->execute()
 2 SYSTEMPATH/Database/BaseConnection.php(648): CodeIgniter\Database\BaseConnection->simpleQuery()
 3 APPPATH/Models/Db_model.php(15): CodeIgniter\Database\BaseConnection->query()
 4 APPPATH/Controllers/Compte.php(15): App\Models\Db_model->get_all_compte()
 5 SYSTEMPATH/CodeIgniter.php(933): App\Controllers\Compte->lister()
 6 SYSTEMPATH/CodeIgniter.php(509): CodeIgniter\CodeIgniter->runController()
 7 SYSTEMPATH/CodeIgniter.php(355): CodeIgniter\CodeIgniter->handleRequest()
 8 SYSTEMPATH/Boot.php(325): CodeIgniter\CodeIgniter->run()
 9 SYSTEMPATH/Boot.php(67): CodeIgniter\Boot::runCodeIgniter()
10 FCPATH/index.php(56): CodeIgniter\Boot::bootWeb()
CRITICAL - 2025-11-06 07:50:34 --> [Caused by] mysqli_sql_exception: Unknown column 'cpt_login' in 'SELECT'
in SYSTEMPATH/Database/MySQLi/Connection.php on line 312.
 1 SYSTEMPATH/Database/MySQLi/Connection.php(312): mysqli->query()
 2 SYSTEMPATH/Database/BaseConnection.php(734): CodeIgniter\Database\MySQLi\Connection->execute()
 3 SYSTEMPATH/Database/BaseConnection.php(648): CodeIgniter\Database\BaseConnection->simpleQuery()
 4 APPPATH/Models/Db_model.php(15): CodeIgniter\Database\BaseConnection->query()
 5 APPPATH/Controllers/Compte.php(15): App\Models\Db_model->get_all_compte()
 6 SYSTEMPATH/CodeIgniter.php(933): App\Controllers\Compte->lister()
 7 SYSTEMPATH/CodeIgniter.php(509): CodeIgniter\CodeIgniter->runController()
 8 SYSTEMPATH/CodeIgniter.php(355): CodeIgniter\CodeIgniter->handleRequest()
 9 SYSTEMPATH/Boot.php(325): CodeIgniter\CodeIgniter->run()
10 SYSTEMPATH/Boot.php(67): CodeIgniter\Boot::runCodeIgniter()
11 FCPATH/index.php(56): CodeIgniter\Boot::bootWeb()
CRITICAL - 2025-11-06 08:31:05 --> Error: Cannot use object of type stdClass as array
[Method: GET, Route: compte/lister]
in APPPATH/Controllers/Compte.php on line 16.
 1 SYSTEMPATH/CodeIgniter.php(933): App\Controllers\Compte->lister()
 2 SYSTEMPATH/CodeIgniter.php(509): CodeIgniter\CodeIgniter->runController()
 3 SYSTEMPATH/CodeIgniter.php(355): CodeIgniter\CodeIgniter->handleRequest()
 4 SYSTEMPATH/Boot.php(325): CodeIgniter\CodeIgniter->run()
 5 SYSTEMPATH/Boot.php(67): CodeIgniter\Boot::runCodeIgniter()
 6 FCPATH/index.php(56): CodeIgniter\Boot::bootWeb()
CRITICAL - 2025-11-06 08:33:00 --> Error: Object of class stdClass could not be converted to string
[Method: GET, Route: compte/lister]
in APPPATH/Views/affichage_comptes.php on line 18.
 1 SYSTEMPATH/View/View.php(234): include()
 2 SYSTEMPATH/View/View.php(237): CodeIgniter\View\View->CodeIgniter\View\{closure}()
 3 SYSTEMPATH/Common.php(1171): CodeIgniter\View\View->render()
 4 APPPATH/Controllers/Compte.php(18): view()
 5 SYSTEMPATH/CodeIgniter.php(933): App\Controllers\Compte->lister()
 6 SYSTEMPATH/CodeIgniter.php(509): CodeIgniter\CodeIgniter->runController()
 7 SYSTEMPATH/CodeIgniter.php(355): CodeIgniter\CodeIgniter->handleRequest()
 8 SYSTEMPATH/Boot.php(325): CodeIgniter\CodeIgniter->run()
 9 SYSTEMPATH/Boot.php(67): CodeIgniter\Boot::runCodeIgniter()
10 FCPATH/index.php(56): CodeIgniter\Boot::bootWeb()
CRITICAL - 2025-11-06 08:38:16 --> Error: Object of class stdClass could not be converted to string
[Method: GET, Route: compte/lister]
in APPPATH/Views/affichage_comptes.php on line 18.
 1 SYSTEMPATH/View/View.php(234): include()
 2 SYSTEMPATH/View/View.php(237): CodeIgniter\View\View->CodeIgniter\View\{closure}()
 3 SYSTEMPATH/Common.php(1171): CodeIgniter\View\View->render()
 4 APPPATH/Controllers/Compte.php(18): view()
 5 SYSTEMPATH/CodeIgniter.php(933): App\Controllers\Compte->lister()
 6 SYSTEMPATH/CodeIgniter.php(509): CodeIgniter\CodeIgniter->runController()
 7 SYSTEMPATH/CodeIgniter.php(355): CodeIgniter\CodeIgniter->handleRequest()
 8 SYSTEMPATH/Boot.php(325): CodeIgniter\CodeIgniter->run()
 9 SYSTEMPATH/Boot.php(67): CodeIgniter\Boot::runCodeIgniter()
10 FCPATH/index.php(56): CodeIgniter\Boot::bootWeb()
CRITICAL - 2025-11-06 08:38:38 --> Error: Undefined constant "App\Controllers\nb"
[Method: GET, Route: compte/lister]
in APPPATH/Controllers/Compte.php on line 16.
 1 SYSTEMPATH/CodeIgniter.php(933): App\Controllers\Compte->lister()
 2 SYSTEMPATH/CodeIgniter.php(509): CodeIgniter\CodeIgniter->runController()
 3 SYSTEMPATH/CodeIgniter.php(355): CodeIgniter\CodeIgniter->handleRequest()
 4 SYSTEMPATH/Boot.php(325): CodeIgniter\CodeIgniter->run()
 5 SYSTEMPATH/Boot.php(67): CodeIgniter\Boot::runCodeIgniter()
 6 FCPATH/index.php(56): CodeIgniter\Boot::bootWeb()
CRITICAL - 2025-11-06 08:41:21 --> Error: Object of class stdClass could not be converted to string
[Method: GET, Route: compte/lister]
in APPPATH/Views/affichage_comptes.php on line 18.
 1 SYSTEMPATH/View/View.php(234): include()
 2 SYSTEMPATH/View/View.php(237): CodeIgniter\View\View->CodeIgniter\View\{closure}()
 3 SYSTEMPATH/Common.php(1171): CodeIgniter\View\View->render()
 4 APPPATH/Controllers/Compte.php(18): view()
 5 SYSTEMPATH/CodeIgniter.php(933): App\Controllers\Compte->lister()
 6 SYSTEMPATH/CodeIgniter.php(509): CodeIgniter\CodeIgniter->runController()
 7 SYSTEMPATH/CodeIgniter.php(355): CodeIgniter\CodeIgniter->handleRequest()
 8 SYSTEMPATH/Boot.php(325): CodeIgniter\CodeIgniter->run()
 9 SYSTEMPATH/Boot.php(67): CodeIgniter\Boot::runCodeIgniter()
10 FCPATH/index.php(56): CodeIgniter\Boot::bootWeb()
ERROR - 2025-11-06 08:54:19 --> mysqli_sql_exception: Unknown column 'act_intitule' in 'SELECT' in /home/2025DIINL3/e22307806/public_html/V1/ci/system/Database/MySQLi/Connection.php:312
Stack trace:
#0 /home/2025DIINL3/e22307806/public_html/V1/ci/system/Database/MySQLi/Connection.php(312): mysqli->query()
#1 /home/2025DIINL3/e22307806/public_html/V1/ci/system/Database/BaseConnection.php(734): CodeIgniter\Database\MySQLi\Connection->execute()
#2 /home/2025DIINL3/e22307806/public_html/V1/ci/system/Database/BaseConnection.php(648): CodeIgniter\Database\BaseConnection->simpleQuery()
#3 /home/2025DIINL3/e22307806/public_html/V1/ci/app/Models/Db_model.php(39): CodeIgniter\Database\BaseConnection->query()
#4 /home/2025DIINL3/e22307806/public_html/V1/ci/app/Controllers/Accueil.php(11): App\Models\Db_model->get_all_actualites()
#5 /home/2025DIINL3/e22307806/public_html/V1/ci/system/CodeIgniter.php(933): App\Controllers\Accueil->afficher()
#6 /home/2025DIINL3/e22307806/public_html/V1/ci/system/CodeIgniter.php(509): CodeIgniter\CodeIgniter->runController()
#7 /home/2025DIINL3/e22307806/public_html/V1/ci/system/CodeIgniter.php(355): CodeIgniter\CodeIgniter->handleRequest()
#8 /home/2025DIINL3/e22307806/public_html/V1/ci/system/Boot.php(325): CodeIgniter\CodeIgniter->run()
#9 /home/2025DIINL3/e22307806/public_html/V1/ci/system/Boot.php(67): CodeIgniter\Boot::runCodeIgniter()
#10 /home/2025DIINL3/e22307806/public_html/V1/ci/public/index.php(56): CodeIgniter\Boot::bootWeb()
#11 {main}
CRITICAL - 2025-11-06 08:54:19 --> CodeIgniter\Database\Exceptions\DatabaseException: Unknown column 'act_intitule' in 'SELECT'
[Method: GET, Route: /]
in SYSTEMPATH/Database/BaseConnection.php on line 688.
 1 APPPATH/Models/Db_model.php(39): CodeIgniter\Database\BaseConnection->query()
 2 APPPATH/Controllers/Accueil.php(11): App\Models\Db_model->get_all_actualites()
 3 SYSTEMPATH/CodeIgniter.php(933): App\Controllers\Accueil->afficher()
 4 SYSTEMPATH/CodeIgniter.php(509): CodeIgniter\CodeIgniter->runController()
 5 SYSTEMPATH/CodeIgniter.php(355): CodeIgniter\CodeIgniter->handleRequest()
 6 SYSTEMPATH/Boot.php(325): CodeIgniter\CodeIgniter->run()
 7 SYSTEMPATH/Boot.php(67): CodeIgniter\Boot::runCodeIgniter()
 8 FCPATH/index.php(56): CodeIgniter\Boot::bootWeb()
CRITICAL - 2025-11-06 08:54:19 --> [Caused by] CodeIgniter\Database\Exceptions\DatabaseException: Unknown column 'act_intitule' in 'SELECT'
in SYSTEMPATH/Database/MySQLi/Connection.php on line 317.
 1 SYSTEMPATH/Database/BaseConnection.php(734): CodeIgniter\Database\MySQLi\Connection->execute()
 2 SYSTEMPATH/Database/BaseConnection.php(648): CodeIgniter\Database\BaseConnection->simpleQuery()
 3 APPPATH/Models/Db_model.php(39): CodeIgniter\Database\BaseConnection->query()
 4 APPPATH/Controllers/Accueil.php(11): App\Models\Db_model->get_all_actualites()
 5 SYSTEMPATH/CodeIgniter.php(933): App\Controllers\Accueil->afficher()
 6 SYSTEMPATH/CodeIgniter.php(509): CodeIgniter\CodeIgniter->runController()
 7 SYSTEMPATH/CodeIgniter.php(355): CodeIgniter\CodeIgniter->handleRequest()
 8 SYSTEMPATH/Boot.php(325): CodeIgniter\CodeIgniter->run()
 9 SYSTEMPATH/Boot.php(67): CodeIgniter\Boot::runCodeIgniter()
10 FCPATH/index.php(56): CodeIgniter\Boot::bootWeb()
CRITICAL - 2025-11-06 08:54:19 --> [Caused by] mysqli_sql_exception: Unknown column 'act_intitule' in 'SELECT'
in SYSTEMPATH/Database/MySQLi/Connection.php on line 312.
 1 SYSTEMPATH/Database/MySQLi/Connection.php(312): mysqli->query()
 2 SYSTEMPATH/Database/BaseConnection.php(734): CodeIgniter\Database\MySQLi\Connection->execute()
 3 SYSTEMPATH/Database/BaseConnection.php(648): CodeIgniter\Database\BaseConnection->simpleQuery()
 4 APPPATH/Models/Db_model.php(39): CodeIgniter\Database\BaseConnection->query()
 5 APPPATH/Controllers/Accueil.php(11): App\Models\Db_model->get_all_actualites()
 6 SYSTEMPATH/CodeIgniter.php(933): App\Controllers\Accueil->afficher()
 7 SYSTEMPATH/CodeIgniter.php(509): CodeIgniter\CodeIgniter->runController()
 8 SYSTEMPATH/CodeIgniter.php(355): CodeIgniter\CodeIgniter->handleRequest()
 9 SYSTEMPATH/Boot.php(325): CodeIgniter\CodeIgniter->run()
10 SYSTEMPATH/Boot.php(67): CodeIgniter\Boot::runCodeIgniter()
11 FCPATH/index.php(56): CodeIgniter\Boot::bootWeb()
ERROR - 2025-11-06 08:56:34 --> mysqli_sql_exception: Unknown column 'act_texte' in 'SELECT' in /home/2025DIINL3/e22307806/public_html/V1/ci/system/Database/MySQLi/Connection.php:312
Stack trace:
#0 /home/2025DIINL3/e22307806/public_html/V1/ci/system/Database/MySQLi/Connection.php(312): mysqli->query()
#1 /home/2025DIINL3/e22307806/public_html/V1/ci/system/Database/BaseConnection.php(734): CodeIgniter\Database\MySQLi\Connection->execute()
#2 /home/2025DIINL3/e22307806/public_html/V1/ci/system/Database/BaseConnection.php(648): CodeIgniter\Database\BaseConnection->simpleQuery()
#3 /home/2025DIINL3/e22307806/public_html/V1/ci/app/Models/Db_model.php(39): CodeIgniter\Database\BaseConnection->query()
#4 /home/2025DIINL3/e22307806/public_html/V1/ci/app/Controllers/Accueil.php(11): App\Models\Db_model->get_all_actualites()
#5 /home/2025DIINL3/e22307806/public_html/V1/ci/system/CodeIgniter.php(933): App\Controllers\Accueil->afficher()
#6 /home/2025DIINL3/e22307806/public_html/V1/ci/system/CodeIgniter.php(509): CodeIgniter\CodeIgniter->runController()
#7 /home/2025DIINL3/e22307806/public_html/V1/ci/system/CodeIgniter.php(355): CodeIgniter\CodeIgniter->handleRequest()
#8 /home/2025DIINL3/e22307806/public_html/V1/ci/system/Boot.php(325): CodeIgniter\CodeIgniter->run()
#9 /home/2025DIINL3/e22307806/public_html/V1/ci/system/Boot.php(67): CodeIgniter\Boot::runCodeIgniter()
#10 /home/2025DIINL3/e22307806/public_html/V1/ci/public/index.php(56): CodeIgniter\Boot::bootWeb()
#11 {main}
CRITICAL - 2025-11-06 08:56:34 --> CodeIgniter\Database\Exceptions\DatabaseException: Unknown column 'act_texte' in 'SELECT'
[Method: GET, Route: /]
in SYSTEMPATH/Database/BaseConnection.php on line 688.
 1 APPPATH/Models/Db_model.php(39): CodeIgniter\Database\BaseConnection->query()
 2 APPPATH/Controllers/Accueil.php(11): App\Models\Db_model->get_all_actualites()
 3 SYSTEMPATH/CodeIgniter.php(933): App\Controllers\Accueil->afficher()
 4 SYSTEMPATH/CodeIgniter.php(509): CodeIgniter\CodeIgniter->runController()
 5 SYSTEMPATH/CodeIgniter.php(355): CodeIgniter\CodeIgniter->handleRequest()
 6 SYSTEMPATH/Boot.php(325): CodeIgniter\CodeIgniter->run()
 7 SYSTEMPATH/Boot.php(67): CodeIgniter\Boot::runCodeIgniter()
 8 FCPATH/index.php(56): CodeIgniter\Boot::bootWeb()
CRITICAL - 2025-11-06 08:56:34 --> [Caused by] CodeIgniter\Database\Exceptions\DatabaseException: Unknown column 'act_texte' in 'SELECT'
in SYSTEMPATH/Database/MySQLi/Connection.php on line 317.
 1 SYSTEMPATH/Database/BaseConnection.php(734): CodeIgniter\Database\MySQLi\Connection->execute()
 2 SYSTEMPATH/Database/BaseConnection.php(648): CodeIgniter\Database\BaseConnection->simpleQuery()
 3 APPPATH/Models/Db_model.php(39): CodeIgniter\Database\BaseConnection->query()
 4 APPPATH/Controllers/Accueil.php(11): App\Models\Db_model->get_all_actualites()
 5 SYSTEMPATH/CodeIgniter.php(933): App\Controllers\Accueil->afficher()
 6 SYSTEMPATH/CodeIgniter.php(509): CodeIgniter\CodeIgniter->runController()
 7 SYSTEMPATH/CodeIgniter.php(355): CodeIgniter\CodeIgniter->handleRequest()
 8 SYSTEMPATH/Boot.php(325): CodeIgniter\CodeIgniter->run()
 9 SYSTEMPATH/Boot.php(67): CodeIgniter\Boot::runCodeIgniter()
10 FCPATH/index.php(56): CodeIgniter\Boot::bootWeb()
CRITICAL - 2025-11-06 08:56:34 --> [Caused by] mysqli_sql_exception: Unknown column 'act_texte' in 'SELECT'
in SYSTEMPATH/Database/MySQLi/Connection.php on line 312.
 1 SYSTEMPATH/Database/MySQLi/Connection.php(312): mysqli->query()
 2 SYSTEMPATH/Database/BaseConnection.php(734): CodeIgniter\Database\MySQLi\Connection->execute()
 3 SYSTEMPATH/Database/BaseConnection.php(648): CodeIgniter\Database\BaseConnection->simpleQuery()
 4 APPPATH/Models/Db_model.php(39): CodeIgniter\Database\BaseConnection->query()
 5 APPPATH/Controllers/Accueil.php(11): App\Models\Db_model->get_all_actualites()
 6 SYSTEMPATH/CodeIgniter.php(933): App\Controllers\Accueil->afficher()
 7 SYSTEMPATH/CodeIgniter.php(509): CodeIgniter\CodeIgniter->runController()
 8 SYSTEMPATH/CodeIgniter.php(355): CodeIgniter\CodeIgniter->handleRequest()
 9 SYSTEMPATH/Boot.php(325): CodeIgniter\CodeIgniter->run()
10 SYSTEMPATH/Boot.php(67): CodeIgniter\Boot::runCodeIgniter()
11 FCPATH/index.php(56): CodeIgniter\Boot::bootWeb()
ERROR - 2025-11-06 08:57:44 --> mysqli_sql_exception: Unknown column 'act_date' in 'ORDER BY' in /home/2025DIINL3/e22307806/public_html/V1/ci/system/Database/MySQLi/Connection.php:312
Stack trace:
#0 /home/2025DIINL3/e22307806/public_html/V1/ci/system/Database/MySQLi/Connection.php(312): mysqli->query()
#1 /home/2025DIINL3/e22307806/public_html/V1/ci/system/Database/BaseConnection.php(734): CodeIgniter\Database\MySQLi\Connection->execute()
#2 /home/2025DIINL3/e22307806/public_html/V1/ci/system/Database/BaseConnection.php(648): CodeIgniter\Database\BaseConnection->simpleQuery()
#3 /home/2025DIINL3/e22307806/public_html/V1/ci/app/Models/Db_model.php(39): CodeIgniter\Database\BaseConnection->query()
#4 /home/2025DIINL3/e22307806/public_html/V1/ci/app/Controllers/Accueil.php(11): App\Models\Db_model->get_all_actualites()
#5 /home/2025DIINL3/e22307806/public_html/V1/ci/system/CodeIgniter.php(933): App\Controllers\Accueil->afficher()
#6 /home/2025DIINL3/e22307806/public_html/V1/ci/system/CodeIgniter.php(509): CodeIgniter\CodeIgniter->runController()
#7 /home/2025DIINL3/e22307806/public_html/V1/ci/system/CodeIgniter.php(355): CodeIgniter\CodeIgniter->handleRequest()
#8 /home/2025DIINL3/e22307806/public_html/V1/ci/system/Boot.php(325): CodeIgniter\CodeIgniter->run()
#9 /home/2025DIINL3/e22307806/public_html/V1/ci/system/Boot.php(67): CodeIgniter\Boot::runCodeIgniter()
#10 /home/2025DIINL3/e22307806/public_html/V1/ci/public/index.php(56): CodeIgniter\Boot::bootWeb()
#11 {main}
CRITICAL - 2025-11-06 08:57:44 --> CodeIgniter\Database\Exceptions\DatabaseException: Unknown column 'act_date' in 'ORDER BY'
[Method: GET, Route: /]
in SYSTEMPATH/Database/BaseConnection.php on line 688.
 1 APPPATH/Models/Db_model.php(39): CodeIgniter\Database\BaseConnection->query()
 2 APPPATH/Controllers/Accueil.php(11): App\Models\Db_model->get_all_actualites()
 3 SYSTEMPATH/CodeIgniter.php(933): App\Controllers\Accueil->afficher()
 4 SYSTEMPATH/CodeIgniter.php(509): CodeIgniter\CodeIgniter->runController()
 5 SYSTEMPATH/CodeIgniter.php(355): CodeIgniter\CodeIgniter->handleRequest()
 6 SYSTEMPATH/Boot.php(325): CodeIgniter\CodeIgniter->run()
 7 SYSTEMPATH/Boot.php(67): CodeIgniter\Boot::runCodeIgniter()
 8 FCPATH/index.php(56): CodeIgniter\Boot::bootWeb()
CRITICAL - 2025-11-06 08:57:44 --> [Caused by] CodeIgniter\Database\Exceptions\DatabaseException: Unknown column 'act_date' in 'ORDER BY'
in SYSTEMPATH/Database/MySQLi/Connection.php on line 317.
 1 SYSTEMPATH/Database/BaseConnection.php(734): CodeIgniter\Database\MySQLi\Connection->execute()
 2 SYSTEMPATH/Database/BaseConnection.php(648): CodeIgniter\Database\BaseConnection->simpleQuery()
 3 APPPATH/Models/Db_model.php(39): CodeIgniter\Database\BaseConnection->query()
 4 APPPATH/Controllers/Accueil.php(11): App\Models\Db_model->get_all_actualites()
 5 SYSTEMPATH/CodeIgniter.php(933): App\Controllers\Accueil->afficher()
 6 SYSTEMPATH/CodeIgniter.php(509): CodeIgniter\CodeIgniter->runController()
 7 SYSTEMPATH/CodeIgniter.php(355): CodeIgniter\CodeIgniter->handleRequest()
 8 SYSTEMPATH/Boot.php(325): CodeIgniter\CodeIgniter->run()
 9 SYSTEMPATH/Boot.php(67): CodeIgniter\Boot::runCodeIgniter()
10 FCPATH/index.php(56): CodeIgniter\Boot::bootWeb()
CRITICAL - 2025-11-06 08:57:44 --> [Caused by] mysqli_sql_exception: Unknown column 'act_date' in 'ORDER BY'
in SYSTEMPATH/Database/MySQLi/Connection.php on line 312.
 1 SYSTEMPATH/Database/MySQLi/Connection.php(312): mysqli->query()
 2 SYSTEMPATH/Database/BaseConnection.php(734): CodeIgniter\Database\MySQLi\Connection->execute()
 3 SYSTEMPATH/Database/BaseConnection.php(648): CodeIgniter\Database\BaseConnection->simpleQuery()
 4 APPPATH/Models/Db_model.php(39): CodeIgniter\Database\BaseConnection->query()
 5 APPPATH/Controllers/Accueil.php(11): App\Models\Db_model->get_all_actualites()
 6 SYSTEMPATH/CodeIgniter.php(933): App\Controllers\Accueil->afficher()
 7 SYSTEMPATH/CodeIgniter.php(509): CodeIgniter\CodeIgniter->runController()
 8 SYSTEMPATH/CodeIgniter.php(355): CodeIgniter\CodeIgniter->handleRequest()
 9 SYSTEMPATH/Boot.php(325): CodeIgniter\CodeIgniter->run()
10 SYSTEMPATH/Boot.php(67): CodeIgniter\Boot::runCodeIgniter()
11 FCPATH/index.php(56): CodeIgniter\Boot::bootWeb()
CRITICAL - 2025-11-06 08:58:38 --> ErrorException: Undefined array key "act_intitule"
[Method: GET, Route: /]
in APPPATH/Views/affichage_accueil.php on line 67.
 1 APPPATH/Views/affichage_accueil.php(67): CodeIgniter\Debug\Exceptions->errorHandler()
 2 SYSTEMPATH/View/View.php(234): include('/home/2025DIINL3/e22307806/public_html/V1/ci/app/Views/affichage_accueil.php')
 3 SYSTEMPATH/View/View.php(237): CodeIgniter\View\View->CodeIgniter\View\{closure}()
 4 SYSTEMPATH/Common.php(1171): CodeIgniter\View\View->render()
 5 APPPATH/Controllers/Accueil.php(14): view()
 6 SYSTEMPATH/CodeIgniter.php(933): App\Controllers\Accueil->afficher()
 7 SYSTEMPATH/CodeIgniter.php(509): CodeIgniter\CodeIgniter->runController()
 8 SYSTEMPATH/CodeIgniter.php(355): CodeIgniter\CodeIgniter->handleRequest()
 9 SYSTEMPATH/Boot.php(325): CodeIgniter\CodeIgniter->run()
10 SYSTEMPATH/Boot.php(67): CodeIgniter\Boot::runCodeIgniter()
11 FCPATH/index.php(56): CodeIgniter\Boot::bootWeb()
CRITICAL - 2025-11-06 09:00:48 --> ErrorException: Undefined array key "act_texte"
[Method: GET, Route: /]
in APPPATH/Views/affichage_accueil.php on line 68.
 1 APPPATH/Views/affichage_accueil.php(68): CodeIgniter\Debug\Exceptions->errorHandler()
 2 SYSTEMPATH/View/View.php(234): include('/home/2025DIINL3/e22307806/public_html/V1/ci/app/Views/affichage_accueil.php')
 3 SYSTEMPATH/View/View.php(237): CodeIgniter\View\View->CodeIgniter\View\{closure}()
 4 SYSTEMPATH/Common.php(1171): CodeIgniter\View\View->render()
 5 APPPATH/Controllers/Accueil.php(14): view()
 6 SYSTEMPATH/CodeIgniter.php(933): App\Controllers\Accueil->afficher()
 7 SYSTEMPATH/CodeIgniter.php(509): CodeIgniter\CodeIgniter->runController()
 8 SYSTEMPATH/CodeIgniter.php(355): CodeIgniter\CodeIgniter->handleRequest()
 9 SYSTEMPATH/Boot.php(325): CodeIgniter\CodeIgniter->run()
10 SYSTEMPATH/Boot.php(67): CodeIgniter\Boot::runCodeIgniter()
11 FCPATH/index.php(56): CodeIgniter\Boot::bootWeb()
